<?xml version="1.0" encoding="UTF-8"?>
<coverage generated="1764439437405" clover="3.2.0">
  <project timestamp="1764439437406" name="All files">
    <metrics statements="83" coveredstatements="77" conditionals="53" coveredconditionals="46" methods="15" coveredmethods="14" elements="151" coveredelements="137" complexity="0" loc="83" ncloc="83" packages="2" files="5" classes="5"/>
    <package name="constants">
      <metrics statements="10" coveredstatements="10" conditionals="4" coveredconditionals="4" methods="3" coveredmethods="3"/>
      <file name="currency.ts" path="/Users/gospodinchavdarov/Desktop/Projects/evro-resto/src/constants/currency.ts">
        <metrics statements="10" coveredstatements="10" conditionals="4" coveredconditionals="4" methods="3" coveredmethods="3"/>
        <line num="6" count="2" type="stmt"/>
        <line num="7" count="2" type="stmt"/>
        <line num="10" count="2" type="stmt"/>
        <line num="16" count="2" type="stmt"/>
        <line num="24" count="2" type="stmt"/>
        <line num="25" count="80" type="cond" truecount="2" falsecount="0"/>
        <line num="26" count="1040" type="stmt"/>
        <line num="32" count="2" type="stmt"/>
        <line num="33" count="194" type="cond" truecount="2" falsecount="0"/>
        <line num="34" count="194" type="stmt"/>
      </file>
    </package>
    <package name="utils">
      <metrics statements="73" coveredstatements="67" conditionals="49" coveredconditionals="42" methods="12" coveredmethods="11"/>
      <file name="calculator.ts" path="/Users/gospodinchavdarov/Desktop/Projects/evro-resto/src/utils/calculator.ts">
        <metrics statements="54" coveredstatements="48" conditionals="41" coveredconditionals="34" methods="8" coveredmethods="7"/>
        <line num="4" count="1" type="stmt"/>
        <line num="17" count="1" type="stmt"/>
        <line num="18" count="48" type="stmt"/>
        <line num="24" count="1" type="stmt"/>
        <line num="25" count="30" type="stmt"/>
        <line num="31" count="1" type="stmt"/>
        <line num="41" count="20" type="cond" truecount="4" falsecount="0"/>
        <line num="42" count="2" type="stmt"/>
        <line num="50" count="18" type="cond" truecount="5" falsecount="0"/>
        <line num="51" count="2" type="stmt"/>
        <line num="60" count="16" type="cond" truecount="2" falsecount="0"/>
        <line num="61" count="1" type="stmt"/>
        <line num="70" count="15" type="stmt"/>
        <line num="73" count="15" type="cond" truecount="2" falsecount="0"/>
        <line num="74" count="1" type="stmt"/>
        <line num="82" count="14" type="stmt"/>
        <line num="84" count="14" type="stmt"/>
        <line num="95" count="1" type="stmt"/>
        <line num="99" count="73" type="stmt"/>
        <line num="100" count="73" type="stmt"/>
        <line num="101" count="73" type="stmt"/>
        <line num="103" count="73" type="stmt"/>
        <line num="104" count="1022" type="cond" truecount="2" falsecount="0"/>
        <line num="105" count="175" type="stmt"/>
        <line num="106" count="175" type="cond" truecount="1" falsecount="1"/>
        <line num="107" count="175" type="stmt"/>
        <line num="114" count="175" type="stmt"/>
        <line num="120" count="73" type="cond" truecount="1" falsecount="1"/>
        <line num="123" count="0" type="cond" truecount="0" falsecount="2"/>
        <line num="128" count="0" type="stmt"/>
        <line num="129" count="0" type="cond" truecount="0" falsecount="2"/>
        <line num="130" count="0" type="stmt"/>
        <line num="135" count="0" type="stmt"/>
        <line num="140" count="73" type="stmt"/>
        <line num="146" count="1" type="stmt"/>
        <line num="147" count="9" type="cond" truecount="2" falsecount="0"/>
        <line num="148" count="9" type="cond" truecount="2" falsecount="0"/>
        <line num="150" count="9" type="stmt"/>
        <line num="161" count="1" type="stmt"/>
        <line num="163" count="28" type="stmt"/>
        <line num="164" count="28" type="stmt"/>
        <line num="166" count="28" type="cond" truecount="2" falsecount="0"/>
        <line num="172" count="1" type="stmt"/>
        <line num="177" count="15" type="cond" truecount="2" falsecount="0"/>
        <line num="178" count="2" type="stmt"/>
        <line num="181" count="13" type="stmt"/>
        <line num="183" count="13" type="cond" truecount="1" falsecount="1"/>
        <line num="184" count="0" type="stmt"/>
        <line num="191" count="13" type="cond" truecount="2" falsecount="0"/>
        <line num="192" count="2" type="stmt"/>
        <line num="196" count="11" type="stmt"/>
        <line num="197" count="11" type="cond" truecount="4" falsecount="0"/>
        <line num="198" count="1" type="stmt"/>
        <line num="205" count="10" type="stmt"/>
      </file>
      <file name="currency.ts" path="/Users/gospodinchavdarov/Desktop/Projects/evro-resto/src/utils/currency.ts">
        <metrics statements="2" coveredstatements="2" conditionals="0" coveredconditionals="0" methods="1" coveredmethods="1"/>
        <line num="6" count="1" type="stmt"/>
        <line num="7" count="23" type="stmt"/>
      </file>
      <file name="formatter.ts" path="/Users/gospodinchavdarov/Desktop/Projects/evro-resto/src/utils/formatter.ts">
        <metrics statements="2" coveredstatements="2" conditionals="0" coveredconditionals="0" methods="1" coveredmethods="1"/>
        <line num="8" count="1" type="stmt"/>
        <line num="9" count="31" type="stmt"/>
      </file>
      <file name="input.ts" path="/Users/gospodinchavdarov/Desktop/Projects/evro-resto/src/utils/input.ts">
        <metrics statements="15" coveredstatements="15" conditionals="8" coveredconditionals="8" methods="2" coveredmethods="2"/>
        <line num="4" count="1" type="stmt"/>
        <line num="13" count="1" type="stmt"/>
        <line num="14" count="35" type="stmt"/>
        <line num="15" count="35" type="stmt"/>
        <line num="17" count="35" type="stmt"/>
        <line num="18" count="35" type="cond" truecount="2" falsecount="0"/>
        <line num="19" count="3" type="stmt"/>
        <line num="21" count="35" type="cond" truecount="2" falsecount="0"/>
        <line num="22" count="20" type="stmt"/>
        <line num="23" count="20" type="stmt"/>
        <line num="25" count="35" type="cond" truecount="2" falsecount="0"/>
        <line num="26" count="1" type="stmt"/>
        <line num="29" count="35" type="stmt"/>
        <line num="35" count="1" type="stmt"/>
        <line num="36" count="14" type="cond" truecount="2" falsecount="0"/>
      </file>
    </package>
  </project>
</coverage>
