{"/Users/gospodinchavdarov/Desktop/Projects/evro-resto/src/constants/currency.ts": {"path":"/Users/gospodinchavdarov/Desktop/Projects/evro-resto/src/constants/currency.ts","statementMap":{"0":{"start":{"line":6,"column":13},"end":{"line":6,"column":39}},"1":{"start":{"line":7,"column":13},"end":{"line":7,"column":51}},"2":{"start":{"line":10,"column":13},"end":{"line":13,"column":11}},"3":{"start":{"line":16,"column":13},"end":{"line":19,"column":11}},"4":{"start":{"line":24,"column":35},"end":{"line":27,"column":1}},"5":{"start":{"line":25,"column":24},"end":{"line":25,"column":82}},"6":{"start":{"line":26,"column":2},"end":{"line":26,"column":84}},"7":{"start":{"line":26,"column":77},"end":{"line":26,"column":82}},"8":{"start":{"line":24,"column":13},"end":{"line":24,"column":35}},"9":{"start":{"line":32,"column":38},"end":{"line":35,"column":1}},"10":{"start":{"line":33,"column":24},"end":{"line":33,"column":82}},"11":{"start":{"line":34,"column":2},"end":{"line":34,"column":72}},"12":{"start":{"line":32,"column":13},"end":{"line":32,"column":38}}},"fnMap":{"0":{"name":"(anonymous_0)","decl":{"start":{"line":24,"column":35},"end":{"line":24,"column":36}},"loc":{"start":{"line":24,"column":63},"end":{"line":27,"column":1}}},"1":{"name":"(anonymous_1)","decl":{"start":{"line":26,"column":67},"end":{"line":26,"column":68}},"loc":{"start":{"line":26,"column":77},"end":{"line":26,"column":82}}},"2":{"name":"(anonymous_2)","decl":{"start":{"line":32,"column":38},"end":{"line":32,"column":39}},"loc":{"start":{"line":32,"column":90},"end":{"line":35,"column":1}}}},"branchMap":{"0":{"loc":{"start":{"line":25,"column":24},"end":{"line":25,"column":82}},"type":"cond-expr","locations":[{"start":{"line":25,"column":45},"end":{"line":25,"column":62}},{"start":{"line":25,"column":65},"end":{"line":25,"column":82}}]},"1":{"loc":{"start":{"line":33,"column":24},"end":{"line":33,"column":82}},"type":"cond-expr","locations":[{"start":{"line":33,"column":45},"end":{"line":33,"column":62}},{"start":{"line":33,"column":65},"end":{"line":33,"column":82}}]}},"s":{"0":2,"1":2,"2":2,"3":2,"4":2,"5":80,"6":80,"7":1040,"8":2,"9":2,"10":194,"11":194,"12":2},"f":{"0":80,"1":1040,"2":194},"b":{"0":[46,34],"1":[124,70]}}
,"/Users/gospodinchavdarov/Desktop/Projects/evro-resto/src/utils/calculator.ts": {"path":"/Users/gospodinchavdarov/Desktop/Projects/evro-resto/src/utils/calculator.ts","statementMap":{"0":{"start":{"line":17,"column":0},"end":{"line":17,"column":16}},"1":{"start":{"line":24,"column":0},"end":{"line":24,"column":16}},"2":{"start":{"line":31,"column":0},"end":{"line":31,"column":16}},"3":{"start":{"line":95,"column":0},"end":{"line":95,"column":16}},"4":{"start":{"line":146,"column":0},"end":{"line":146,"column":16}},"5":{"start":{"line":161,"column":0},"end":{"line":161,"column":16}},"6":{"start":{"line":172,"column":0},"end":{"line":172,"column":16}},"7":{"start":{"line":4,"column":0},"end":{"line":4,"column":null}},"8":{"start":{"line":18,"column":2},"end":{"line":18,"column":57}},"9":{"start":{"line":25,"column":2},"end":{"line":25,"column":55}},"10":{"start":{"line":41,"column":2},"end":{"line":47,"column":3}},"11":{"start":{"line":42,"column":4},"end":{"line":46,"column":6}},"12":{"start":{"line":50,"column":2},"end":{"line":57,"column":3}},"13":{"start":{"line":51,"column":4},"end":{"line":56,"column":6}},"14":{"start":{"line":60,"column":2},"end":{"line":67,"column":3}},"15":{"start":{"line":61,"column":4},"end":{"line":66,"column":6}},"16":{"start":{"line":70,"column":20},"end":{"line":70,"column":61}},"17":{"start":{"line":73,"column":2},"end":{"line":79,"column":3}},"18":{"start":{"line":74,"column":4},"end":{"line":78,"column":6}},"19":{"start":{"line":82,"column":20},"end":{"line":82,"column":46}},"20":{"start":{"line":84,"column":2},"end":{"line":88,"column":4}},"21":{"start":{"line":99,"column":24},"end":{"line":99,"column":53}},"22":{"start":{"line":100,"column":45},"end":{"line":100,"column":47}},"23":{"start":{"line":101,"column":18},"end":{"line":101,"column":48}},"24":{"start":{"line":103,"column":2},"end":{"line":117,"column":3}},"25":{"start":{"line":104,"column":4},"end":{"line":116,"column":5}},"26":{"start":{"line":105,"column":20},"end":{"line":105,"column":56}},"27":{"start":{"line":106,"column":6},"end":{"line":115,"column":7}},"28":{"start":{"line":107,"column":8},"end":{"line":113,"column":11}},"29":{"start":{"line":114,"column":8},"end":{"line":114,"column":79}},"30":{"start":{"line":120,"column":2},"end":{"line":138,"column":3}},"31":{"start":{"line":123,"column":6},"end":{"line":125,"column":49}},"32":{"start":{"line":128,"column":4},"end":{"line":137,"column":5}},"33":{"start":{"line":128,"column":56},"end":{"line":128,"column":61}},"34":{"start":{"line":129,"column":6},"end":{"line":136,"column":7}},"35":{"start":{"line":130,"column":8},"end":{"line":134,"column":11}},"36":{"start":{"line":135,"column":8},"end":{"line":135,"column":14}},"37":{"start":{"line":140,"column":2},"end":{"line":140,"column":19}},"38":{"start":{"line":147,"column":17},"end":{"line":147,"column":55}},"39":{"start":{"line":148,"column":23},"end":{"line":148,"column":57}},"40":{"start":{"line":150,"column":2},"end":{"line":155,"column":20}},"41":{"start":{"line":163,"column":18},"end":{"line":163,"column":65}},"42":{"start":{"line":164,"column":17},"end":{"line":164,"column":36}},"43":{"start":{"line":166,"column":2},"end":{"line":166,"column":36}},"44":{"start":{"line":177,"column":2},"end":{"line":179,"column":3}},"45":{"start":{"line":178,"column":4},"end":{"line":178,"column":40}},"46":{"start":{"line":181,"column":17},"end":{"line":181,"column":43}},"47":{"start":{"line":183,"column":2},"end":{"line":189,"column":3}},"48":{"start":{"line":184,"column":4},"end":{"line":188,"column":6}},"49":{"start":{"line":191,"column":2},"end":{"line":193,"column":3}},"50":{"start":{"line":192,"column":4},"end":{"line":192,"column":78}},"51":{"start":{"line":196,"column":22},"end":{"line":196,"column":41}},"52":{"start":{"line":197,"column":2},"end":{"line":203,"column":3}},"53":{"start":{"line":198,"column":4},"end":{"line":202,"column":6}},"54":{"start":{"line":205,"column":2},"end":{"line":205,"column":35}}},"fnMap":{"0":{"name":"convertBgnToEur","decl":{"start":{"line":17,"column":16},"end":{"line":17,"column":31}},"loc":{"start":{"line":17,"column":43},"end":{"line":19,"column":1}}},"1":{"name":"convertEurToBgn","decl":{"start":{"line":24,"column":16},"end":{"line":24,"column":31}},"loc":{"start":{"line":24,"column":43},"end":{"line":26,"column":1}}},"2":{"name":"calculateChange","decl":{"start":{"line":31,"column":16},"end":{"line":31,"column":31}},"loc":{"start":{"line":33,"column":14},"end":{"line":89,"column":1}}},"3":{"name":"getDenominationBreakdown","decl":{"start":{"line":95,"column":16},"end":{"line":95,"column":40}},"loc":{"start":{"line":97,"column":24},"end":{"line":141,"column":1}}},"4":{"name":"(anonymous_4)","decl":{"start":{"line":128,"column":46},"end":{"line":128,"column":47}},"loc":{"start":{"line":128,"column":56},"end":{"line":128,"column":61}}},"5":{"name":"formatCurrency","decl":{"start":{"line":146,"column":16},"end":{"line":146,"column":30}},"loc":{"start":{"line":146,"column":69},"end":{"line":156,"column":1}}},"6":{"name":"parseCurrencyString","decl":{"start":{"line":161,"column":16},"end":{"line":161,"column":35}},"loc":{"start":{"line":161,"column":49},"end":{"line":167,"column":1}}},"7":{"name":"validateAmount","decl":{"start":{"line":172,"column":16},"end":{"line":172,"column":30}},"loc":{"start":{"line":172,"column":44},"end":{"line":206,"column":1}}}},"branchMap":{"0":{"loc":{"start":{"line":41,"column":2},"end":{"line":47,"column":3}},"type":"if","locations":[{"start":{"line":41,"column":2},"end":{"line":47,"column":3}},{"start":{},"end":{}}]},"1":{"loc":{"start":{"line":41,"column":6},"end":{"line":41,"column":34}},"type":"binary-expr","locations":[{"start":{"line":41,"column":6},"end":{"line":41,"column":20}},{"start":{"line":41,"column":24},"end":{"line":41,"column":34}}]},"2":{"loc":{"start":{"line":50,"column":2},"end":{"line":57,"column":3}},"type":"if","locations":[{"start":{"line":50,"column":2},"end":{"line":57,"column":3}},{"start":{},"end":{}}]},"3":{"loc":{"start":{"line":50,"column":6},"end":{"line":50,"column":49}},"type":"binary-expr","locations":[{"start":{"line":50,"column":6},"end":{"line":50,"column":14}},{"start":{"line":50,"column":18},"end":{"line":50,"column":30}},{"start":{"line":50,"column":34},"end":{"line":50,"column":49}}]},"4":{"loc":{"start":{"line":60,"column":2},"end":{"line":67,"column":3}},"type":"if","locations":[{"start":{"line":60,"column":2},"end":{"line":67,"column":3}},{"start":{},"end":{}}]},"5":{"loc":{"start":{"line":73,"column":2},"end":{"line":79,"column":3}},"type":"if","locations":[{"start":{"line":73,"column":2},"end":{"line":79,"column":3}},{"start":{},"end":{}}]},"6":{"loc":{"start":{"line":104,"column":4},"end":{"line":116,"column":5}},"type":"if","locations":[{"start":{"line":104,"column":4},"end":{"line":116,"column":5}},{"start":{},"end":{}}]},"7":{"loc":{"start":{"line":106,"column":6},"end":{"line":115,"column":7}},"type":"if","locations":[{"start":{"line":106,"column":6},"end":{"line":115,"column":7}},{"start":{},"end":{}}]},"8":{"loc":{"start":{"line":110,"column":16},"end":{"line":112,"column":20}},"type":"cond-expr","locations":[{"start":{"line":111,"column":14},"end":{"line":111,"column":24}},{"start":{"line":112,"column":14},"end":{"line":112,"column":20}}]},"9":{"loc":{"start":{"line":120,"column":2},"end":{"line":138,"column":3}},"type":"if","locations":[{"start":{"line":120,"column":2},"end":{"line":138,"column":3}},{"start":{},"end":{}}]},"10":{"loc":{"start":{"line":123,"column":6},"end":{"line":125,"column":49}},"type":"cond-expr","locations":[{"start":{"line":124,"column":10},"end":{"line":124,"column":49}},{"start":{"line":125,"column":10},"end":{"line":125,"column":49}}]},"11":{"loc":{"start":{"line":129,"column":6},"end":{"line":136,"column":7}},"type":"if","locations":[{"start":{"line":129,"column":6},"end":{"line":136,"column":7}},{"start":{},"end":{}}]},"12":{"loc":{"start":{"line":147,"column":17},"end":{"line":147,"column":55}},"type":"cond-expr","locations":[{"start":{"line":147,"column":38},"end":{"line":147,"column":45}},{"start":{"line":147,"column":48},"end":{"line":147,"column":55}}]},"13":{"loc":{"start":{"line":148,"column":23},"end":{"line":148,"column":57}},"type":"cond-expr","locations":[{"start":{"line":148,"column":44},"end":{"line":148,"column":49}},{"start":{"line":148,"column":52},"end":{"line":148,"column":57}}]},"14":{"loc":{"start":{"line":166,"column":9},"end":{"line":166,"column":35}},"type":"cond-expr","locations":[{"start":{"line":166,"column":25},"end":{"line":166,"column":26}},{"start":{"line":166,"column":29},"end":{"line":166,"column":35}}]},"15":{"loc":{"start":{"line":177,"column":2},"end":{"line":179,"column":3}},"type":"if","locations":[{"start":{"line":177,"column":2},"end":{"line":179,"column":3}},{"start":{},"end":{}}]},"16":{"loc":{"start":{"line":183,"column":2},"end":{"line":189,"column":3}},"type":"if","locations":[{"start":{"line":183,"column":2},"end":{"line":189,"column":3}},{"start":{},"end":{}}]},"17":{"loc":{"start":{"line":191,"column":2},"end":{"line":193,"column":3}},"type":"if","locations":[{"start":{"line":191,"column":2},"end":{"line":193,"column":3}},{"start":{},"end":{}}]},"18":{"loc":{"start":{"line":197,"column":2},"end":{"line":203,"column":3}},"type":"if","locations":[{"start":{"line":197,"column":2},"end":{"line":203,"column":3}},{"start":{},"end":{}}]},"19":{"loc":{"start":{"line":197,"column":6},"end":{"line":197,"column":43}},"type":"binary-expr","locations":[{"start":{"line":197,"column":6},"end":{"line":197,"column":17}},{"start":{"line":197,"column":21},"end":{"line":197,"column":43}}]}},"s":{"0":1,"1":1,"2":1,"3":1,"4":1,"5":1,"6":1,"7":1,"8":48,"9":30,"10":20,"11":2,"12":18,"13":2,"14":16,"15":1,"16":15,"17":15,"18":1,"19":14,"20":14,"21":73,"22":73,"23":73,"24":73,"25":1022,"26":175,"27":175,"28":175,"29":175,"30":73,"31":0,"32":0,"33":0,"34":0,"35":0,"36":0,"37":73,"38":9,"39":9,"40":9,"41":28,"42":28,"43":28,"44":15,"45":2,"46":13,"47":13,"48":0,"49":13,"50":2,"51":11,"52":11,"53":1,"54":10},"f":{"0":48,"1":30,"2":20,"3":73,"4":0,"5":9,"6":28,"7":15},"b":{"0":[2,18],"1":[20,2],"2":[2,16],"3":[18,16,16],"4":[1,15],"5":[1,14],"6":[175,847],"7":[175,0],"8":[79,96],"9":[0,73],"10":[0,0],"11":[0,0],"12":[5,4],"13":[5,4],"14":[4,24],"15":[2,13],"16":[0,13],"17":[2,11],"18":[1,10],"19":[11,6]}}
,"/Users/gospodinchavdarov/Desktop/Projects/evro-resto/src/utils/currency.ts": {"path":"/Users/gospodinchavdarov/Desktop/Projects/evro-resto/src/utils/currency.ts","statementMap":{"0":{"start":{"line":6,"column":26},"end":{"line":8,"column":1}},"1":{"start":{"line":7,"column":2},"end":{"line":7,"column":20}},"2":{"start":{"line":6,"column":13},"end":{"line":6,"column":26}}},"fnMap":{"0":{"name":"(anonymous_0)","decl":{"start":{"line":6,"column":26},"end":{"line":6,"column":27}},"loc":{"start":{"line":6,"column":78},"end":{"line":8,"column":1}}}},"branchMap":{},"s":{"0":1,"1":23,"2":1},"f":{"0":23},"b":{}}
,"/Users/gospodinchavdarov/Desktop/Projects/evro-resto/src/utils/formatter.ts": {"path":"/Users/gospodinchavdarov/Desktop/Projects/evro-resto/src/utils/formatter.ts","statementMap":{"0":{"start":{"line":8,"column":0},"end":{"line":8,"column":16}},"1":{"start":{"line":9,"column":2},"end":{"line":12,"column":5}}},"fnMap":{"0":{"name":"formatAmount","decl":{"start":{"line":8,"column":16},"end":{"line":8,"column":28}},"loc":{"start":{"line":8,"column":43},"end":{"line":13,"column":1}}}},"branchMap":{},"s":{"0":1,"1":31},"f":{"0":31},"b":{}}
,"/Users/gospodinchavdarov/Desktop/Projects/evro-resto/src/utils/input.ts": {"path":"/Users/gospodinchavdarov/Desktop/Projects/evro-resto/src/utils/input.ts","statementMap":{"0":{"start":{"line":4,"column":13},"end":{"line":4,"column":35}},"1":{"start":{"line":13,"column":37},"end":{"line":30,"column":1}},"2":{"start":{"line":14,"column":21},"end":{"line":14,"column":49}},"3":{"start":{"line":15,"column":2},"end":{"line":15,"column":48}},"4":{"start":{"line":17,"column":16},"end":{"line":17,"column":39}},"5":{"start":{"line":18,"column":2},"end":{"line":20,"column":3}},"6":{"start":{"line":19,"column":4},"end":{"line":19,"column":60}},"7":{"start":{"line":21,"column":2},"end":{"line":24,"column":3}},"8":{"start":{"line":22,"column":4},"end":{"line":22,"column":40}},"9":{"start":{"line":23,"column":4},"end":{"line":23,"column":45}},"10":{"start":{"line":25,"column":2},"end":{"line":27,"column":3}},"11":{"start":{"line":26,"column":4},"end":{"line":26,"column":48}},"12":{"start":{"line":29,"column":2},"end":{"line":29,"column":22}},"13":{"start":{"line":13,"column":13},"end":{"line":13,"column":37}},"14":{"start":{"line":35,"column":29},"end":{"line":37,"column":1}},"15":{"start":{"line":36,"column":2},"end":{"line":36,"column":45}},"16":{"start":{"line":35,"column":13},"end":{"line":35,"column":29}}},"fnMap":{"0":{"name":"(anonymous_0)","decl":{"start":{"line":13,"column":37},"end":{"line":13,"column":38}},"loc":{"start":{"line":13,"column":62},"end":{"line":30,"column":1}}},"1":{"name":"(anonymous_1)","decl":{"start":{"line":35,"column":29},"end":{"line":35,"column":30}},"loc":{"start":{"line":35,"column":57},"end":{"line":37,"column":1}}}},"branchMap":{"0":{"loc":{"start":{"line":18,"column":2},"end":{"line":20,"column":3}},"type":"if","locations":[{"start":{"line":18,"column":2},"end":{"line":20,"column":3}},{"start":{},"end":{}}]},"1":{"loc":{"start":{"line":21,"column":2},"end":{"line":24,"column":3}},"type":"if","locations":[{"start":{"line":21,"column":2},"end":{"line":24,"column":3}},{"start":{},"end":{}}]},"2":{"loc":{"start":{"line":25,"column":2},"end":{"line":27,"column":3}},"type":"if","locations":[{"start":{"line":25,"column":2},"end":{"line":27,"column":3}},{"start":{},"end":{}}]},"3":{"loc":{"start":{"line":36,"column":9},"end":{"line":36,"column":44}},"type":"binary-expr","locations":[{"start":{"line":36,"column":9},"end":{"line":36,"column":20}},{"start":{"line":36,"column":24},"end":{"line":36,"column":44}}]}},"s":{"0":1,"1":1,"2":35,"3":35,"4":35,"5":35,"6":3,"7":35,"8":20,"9":20,"10":35,"11":1,"12":35,"13":1,"14":1,"15":14,"16":1},"f":{"0":35,"1":14},"b":{"0":[3,32],"1":[20,15],"2":[1,34],"3":[14,11]}}
}
