TN:
SF:src/constants/currency.ts
FN:24,(anonymous_0)
FN:26,(anonymous_1)
FN:32,(anonymous_2)
FNF:3
FNH:3
FNDA:80,(anonymous_0)
FNDA:1040,(anonymous_1)
FNDA:194,(anonymous_2)
DA:6,2
DA:7,2
DA:10,2
DA:16,2
DA:24,2
DA:25,80
DA:26,1040
DA:32,2
DA:33,194
DA:34,194
LF:10
LH:10
BRDA:25,0,0,46
BRDA:25,0,1,34
BRDA:33,1,0,124
BRDA:33,1,1,70
BRF:4
BRH:4
end_of_record
TN:
SF:src/utils/calculator.ts
FN:17,convertBgnToEur
FN:24,convertEurToBgn
FN:31,calculateChange
FN:95,getDenominationBreakdown
FN:128,(anonymous_4)
FN:146,formatCurrency
FN:161,parseCurrencyString
FN:172,validateAmount
FNF:8
FNH:7
FNDA:48,convertBgnToEur
FNDA:30,convertEurToBgn
FNDA:20,calculateChange
FNDA:73,getDenominationBreakdown
FNDA:0,(anonymous_4)
FNDA:9,formatCurrency
FNDA:28,parseCurrencyString
FNDA:15,validateAmount
DA:4,1
DA:17,1
DA:18,48
DA:24,1
DA:25,30
DA:31,1
DA:41,20
DA:42,2
DA:50,18
DA:51,2
DA:60,16
DA:61,1
DA:70,15
DA:73,15
DA:74,1
DA:82,14
DA:84,14
DA:95,1
DA:99,73
DA:100,73
DA:101,73
DA:103,73
DA:104,1022
DA:105,175
DA:106,175
DA:107,175
DA:114,175
DA:120,73
DA:123,0
DA:128,0
DA:129,0
DA:130,0
DA:135,0
DA:140,73
DA:146,1
DA:147,9
DA:148,9
DA:150,9
DA:161,1
DA:163,28
DA:164,28
DA:166,28
DA:172,1
DA:177,15
DA:178,2
DA:181,13
DA:183,13
DA:184,0
DA:191,13
DA:192,2
DA:196,11
DA:197,11
DA:198,1
DA:205,10
LF:54
LH:48
BRDA:41,0,0,2
BRDA:41,0,1,18
BRDA:41,1,0,20
BRDA:41,1,1,2
BRDA:50,2,0,2
BRDA:50,2,1,16
BRDA:50,3,0,18
BRDA:50,3,1,16
BRDA:50,3,2,16
BRDA:60,4,0,1
BRDA:60,4,1,15
BRDA:73,5,0,1
BRDA:73,5,1,14
BRDA:104,6,0,175
BRDA:104,6,1,847
BRDA:106,7,0,175
BRDA:106,7,1,0
BRDA:110,8,0,79
BRDA:110,8,1,96
BRDA:120,9,0,0
BRDA:120,9,1,73
BRDA:123,10,0,0
BRDA:123,10,1,0
BRDA:129,11,0,0
BRDA:129,11,1,0
BRDA:147,12,0,5
BRDA:147,12,1,4
BRDA:148,13,0,5
BRDA:148,13,1,4
BRDA:166,14,0,4
BRDA:166,14,1,24
BRDA:177,15,0,2
BRDA:177,15,1,13
BRDA:183,16,0,0
BRDA:183,16,1,13
BRDA:191,17,0,2
BRDA:191,17,1,11
BRDA:197,18,0,1
BRDA:197,18,1,10
BRDA:197,19,0,11
BRDA:197,19,1,6
BRF:41
BRH:34
end_of_record
TN:
SF:src/utils/currency.ts
FN:6,(anonymous_0)
FNF:1
FNH:1
FNDA:23,(anonymous_0)
DA:6,1
DA:7,23
LF:2
LH:2
BRF:0
BRH:0
end_of_record
TN:
SF:src/utils/formatter.ts
FN:8,formatAmount
FNF:1
FNH:1
FNDA:31,formatAmount
DA:8,1
DA:9,31
LF:2
LH:2
BRF:0
BRH:0
end_of_record
TN:
SF:src/utils/input.ts
FN:13,(anonymous_0)
FN:35,(anonymous_1)
FNF:2
FNH:2
FNDA:35,(anonymous_0)
FNDA:14,(anonymous_1)
DA:4,1
DA:13,1
DA:14,35
DA:15,35
DA:17,35
DA:18,35
DA:19,3
DA:21,35
DA:22,20
DA:23,20
DA:25,35
DA:26,1
DA:29,35
DA:35,1
DA:36,14
LF:15
LH:15
BRDA:18,0,0,3
BRDA:18,0,1,32
BRDA:21,1,0,20
BRDA:21,1,1,15
BRDA:25,2,0,1
BRDA:25,2,1,34
BRDA:36,3,0,14
BRDA:36,3,1,11
BRF:8
BRH:8
end_of_record
